# JRE version: Java(TM) SE Runtime Environment (21.0.9+7) (build 21.0.9+7-LTS-338)
# Java VM: Java HotSpot(TM) 64-Bit Server VM (21.0.9+7-LTS-338, mixed mode, emulated-client, sharing, tiered, compressed oops, compressed class ptrs, g1 gc, windows-amd64)
GC Precious Log:
 CardTable entry size: 512
 Card Set container configuration: InlinePtr #cards 5 size 8 Array Of Cards #cards 12 size 40 Howl #buckets 4 coarsen threshold 1843 Howl Bitmap #cards 512 size 80 coarsen threshold 460 Card regions per heap region 1 cards per card region 2048
 CPUs: 2 total, 2 available
 Memory: 3504M
 Large Page Support: Disabled
 NUMA Support: Disabled
 Compressed Oops: Enabled (32-bit)
 Heap Region Size: 1M
 Heap Min Capacity: 8M
 Heap Initial Capacity: 56M
 Heap Max Capacity: 878M
 Pre-touch: Disabled
 Parallel Workers: 2
 Concurrent Workers: 1
 Concurrent Refinement Workers: 2
 Periodic GC: Disabled
Heap:
 garbage-first heap   total 73728K, used 62990K [0x00000000c9200000, 0x0000000100000000)
  region size 1024K, 28 young (28672K), 1 survivors (1024K)
 Metaspace       used 80161K, committed 80832K, reserved 1179648K
  class space    used 11539K, committed 11840K, reserved 1048576K
GC Heap History (20 events):
Event: 15.316 GC heap after
{Heap after GC invocations=21 (full 0):
 garbage-first heap   total 70656K, used 35020K [0x00000000c9200000, 0x0000000100000000)
  region size 1024K, 3 young (3072K), 3 survivors (3072K)
 Metaspace       used 66556K, committed 67328K, reserved 1114112K
  class space    used 9544K, committed 9856K, reserved 1048576K
}
Event: 16.149 GC heap before
{Heap before GC invocations=21 (full 0):
 garbage-first heap   total 70656K, used 62668K [0x00000000c9200000, 0x0000000100000000)
  region size 1024K, 30 young (30720K), 3 survivors (3072K)
 Metaspace       used 69553K, committed 70464K, reserved 1114112K
  class space    used 9980K, committed 10368K, reserved 1048576K
}
Event: 16.160 GC heap after
{Heap after GC invocations=22 (full 0):
 garbage-first heap   total 70656K, used 38032K [0x00000000c9200000, 0x0000000100000000)
  region size 1024K, 3 young (3072K), 3 survivors (3072K)
 Metaspace       used 69553K, committed 70464K, reserved 1114112K
  class space    used 9980K, committed 10368K, reserved 1048576K
}
Event: 46.675 GC heap before
{Heap before GC invocations=23 (full 0):
 garbage-first heap   total 70656K, used 62608K [0x00000000c9200000, 0x0000000100000000)
  region size 1024K, 27 young (27648K), 3 survivors (3072K)
 Metaspace       used 73687K, committed 74560K, reserved 1114112K
  class space    used 10588K, committed 10944K, reserved 1048576K
}
Event: 46.687 GC heap after
{Heap after GC invocations=24 (full 0):
 garbage-first heap   total 70656K, used 40475K [0x00000000c9200000, 0x0000000100000000)
  region size 1024K, 3 young (3072K), 3 survivors (3072K)
 Metaspace       used 73687K, committed 74560K, reserved 1114112K
  class space    used 10588K, committed 10944K, reserved 1048576K
}
Event: 113.692 GC heap before
{Heap before GC invocations=24 (full 0):
 garbage-first heap   total 70656K, used 61979K [0x00000000c9200000, 0x0000000100000000)
  region size 1024K, 25 young (25600K), 3 survivors (3072K)
 Metaspace       used 78973K, committed 79936K, reserved 1179648K
  class space    used 11341K, committed 11776K, reserved 1048576K
}
Event: 113.703 GC heap after
{Heap after GC invocations=25 (full 0):
 garbage-first heap   total 70656K, used 41700K [0x00000000c9200000, 0x0000000100000000)
  region size 1024K, 2 young (2048K), 2 survivors (2048K)
 Metaspace       used 78973K, committed 79936K, reserved 1179648K
  class space    used 11341K, committed 11776K, reserved 1048576K
}
Event: 622.771 GC heap before
{Heap before GC invocations=25 (full 0):
 garbage-first heap   total 70656K, used 63204K [0x00000000c9200000, 0x0000000100000000)
  region size 1024K, 23 young (23552K), 2 survivors (2048K)
 Metaspace       used 78979K, committed 79936K, reserved 1179648K
  class space    used 11344K, committed 11776K, reserved 1048576K
}
Event: 622.867 GC heap after
{Heap after GC invocations=26 (full 0):
 garbage-first heap   total 70656K, used 41739K [0x00000000c9200000, 0x0000000100000000)
  region size 1024K, 2 young (2048K), 2 survivors (2048K)
 Metaspace       used 78979K, committed 79936K, reserved 1179648K
  class space    used 11344K, committed 11776K, reserved 1048576K
}
Event: 834.003 GC heap before
{Heap before GC invocations=27 (full 0):
 garbage-first heap   total 73728K, used 62219K [0x00000000c9200000, 0x0000000100000000)
  region size 1024K, 22 young (22528K), 2 survivors (2048K)
 Metaspace       used 79857K, committed 80576K, reserved 1179648K
  class space    used 11474K, committed 11840K, reserved 1048576K
}
Event: 834.177 GC heap after
{Heap after GC invocations=28 (full 0):
 garbage-first heap   total 73728K, used 42931K [0x00000000c9200000, 0x0000000100000000)
  region size 1024K, 3 young (3072K), 3 survivors (3072K)
 Metaspace       used 79857K, committed 80576K, reserved 1179648K
  class space    used 11474K, committed 11840K, reserved 1048576K
}
Event: 1345.522 GC heap before
{Heap before GC invocations=28 (full 0):
 garbage-first heap   total 73728K, used 64435K [0x00000000c9200000, 0x0000000100000000)
  region size 1024K, 24 young (24576K), 3 survivors (3072K)
 Metaspace       used 79994K, committed 80704K, reserved 1179648K
  class space    used 11500K, committed 11840K, reserved 1048576K
}
Event: 1345.977 GC heap after
{Heap after GC invocations=29 (full 0):
 garbage-first heap   total 73728K, used 37773K [0x00000000c9200000, 0x0000000100000000)
  region size 1024K, 1 young (1024K), 1 survivors (1024K)
 Metaspace       used 79994K, committed 80704K, reserved 1179648K
  class space    used 11500K, committed 11840K, reserved 1048576K
}
Event: 1927.852 GC heap before
{Heap before GC invocations=29 (full 0):
 garbage-first heap   total 73728K, used 66445K [0x00000000c9200000, 0x0000000100000000)
  region size 1024K, 29 young (29696K), 1 survivors (1024K)
 Metaspace       used 80001K, committed 80704K, reserved 1179648K
  class space    used 11502K, committed 11840K, reserved 1048576K
}
Event: 1928.397 GC heap after
{Heap after GC invocations=30 (full 0):
 garbage-first heap   total 73728K, used 37778K [0x00000000c9200000, 0x0000000100000000)
  region size 1024K, 2 young (2048K), 2 survivors (2048K)
 Metaspace       used 80001K, committed 80704K, reserved 1179648K
  class space    used 11502K, committed 11840K, reserved 1048576K
}
Event: 1960.029 GC heap before
{Heap before GC invocations=30 (full 0):
 garbage-first heap   total 73728K, used 38802K [0x00000000c9200000, 0x0000000100000000)
  region size 1024K, 3 young (3072K), 2 survivors (2048K)
 Metaspace       used 80001K, committed 80704K, reserved 1179648K
  class space    used 11502K, committed 11840K, reserved 1048576K
}
Event: 1960.331 GC heap after
{Heap after GC invocations=31 (full 0):
 garbage-first heap   total 73728K, used 37214K [0x00000000c9200000, 0x0000000100000000)
  region size 1024K, 1 young (1024K), 1 survivors (1024K)
 Metaspace       used 80001K, committed 80704K, reserved 1179648K
  class space    used 11502K, committed 11840K, reserved 1048576K
}
Event: 2021.222 GC heap before
{Heap before GC invocations=31 (full 0):
 garbage-first heap   total 73728K, used 39262K [0x00000000c9200000, 0x0000000100000000)
  region size 1024K, 3 young (3072K), 1 survivors (1024K)
 Metaspace       used 80001K, committed 80704K, reserved 1179648K
  class space    used 11502K, committed 11840K, reserved 1048576K
}
Event: 2021.545 GC heap after
{Heap after GC invocations=32 (full 0):
 garbage-first heap   total 73728K, used 36366K [0x00000000c9200000, 0x0000000100000000)
  region size 1024K, 1 young (1024K), 1 survivors (1024K)
 Metaspace       used 80001K, committed 80704K, reserved 1179648K
  class space    used 11502K, committed 11840K, reserved 1048576K
}
Event: 2607.177 GC heap before
{Heap before GC invocations=32 (full 0):
 garbage-first heap   total 73728K, used 62990K [0x00000000c9200000, 0x0000000100000000)
  region size 1024K, 28 young (28672K), 1 survivors (1024K)
 Metaspace       used 80161K, committed 80832K, reserved 1179648K
  class space    used 11539K, committed 11840K, reserved 1048576K
}

